<?xml version="1.0" encoding="UTF-8"?>
<!-- Generated by org.testng.reporters.JUnitReportReporter -->
<testsuite hostname="Hp" failures="0" tests="4" name="com.qacart.todo.testcases.UserTestDynamic5Test" time="5.114" errors="0" timestamp="2022-12-24T20:30:32 EET" skipped="0">
  <testcase classname="com.qacart.todo.testcases.UserTestDynamic5Test" name="shouldBeAbleToLogin" time="1.281"/>
  <system-out/>
  <testcase classname="com.qacart.todo.testcases.UserTestDynamic5Test" name="testRegisterWithValidData" time="0.963"/>
  <system-out/>
  <testcase classname="com.qacart.todo.testcases.UserTestDynamic5Test" name="shouldNotBeAbleToLoginWhenPassIsWrong" time="1.425"/>
  <system-out/>
  <testcase classname="com.qacart.todo.testcases.UserTestDynamic5Test" name="shouldNotBeRegisterWithTheSameEmail" time="1.445"/>
  <system-out/>
</testsuite> <!-- com.qacart.todo.testcases.UserTestDynamic5Test -->
