<?xml version="1.0" encoding="UTF-8"?>
<!-- Generated by org.testng.reporters.JUnitReportReporter -->
<testsuite hostname="Hp" failures="0" tests="5" name="com.qacart.todo.testcases.ToDoDynamic5Test" time="27.003" errors="0" timestamp="2022-12-24T20:30:32 EET" skipped="0">
  <testcase classname="com.qacart.todo.testcases.ToDoDynamic5Test" name="shouldAbleToAddTask" time="4.872"/>
  <system-out/>
  <testcase classname="com.qacart.todo.testcases.ToDoDynamic5Test" name="shouldAbleToGetTaskById" time="5.530"/>
  <system-out/>
  <testcase classname="com.qacart.todo.testcases.ToDoDynamic5Test" name="deleteSpecificTaskById" time="5.368"/>
  <system-out/>
  <testcase classname="com.qacart.todo.testcases.ToDoDynamic5Test" name="shouldNotAbleToAddTaskWithoutCompleteStatus" time="4.654"/>
  <system-out/>
  <testcase classname="com.qacart.todo.testcases.ToDoDynamic5Test" name="updateSpecificTaskById" time="6.579"/>
  <system-out/>
</testsuite> <!-- com.qacart.todo.testcases.ToDoDynamic5Test -->
